<?xml version="1.0" encoding="UTF-8"?>
<!-- Generated by org.testng.reporters.JUnitReportReporter -->
<testsuite hostname="EC2AMAZ-S11DBRH" failures="0" tests="1" name="com.sampletestng.SecondTestNgScript" time="6.200" errors="0" timestamp="2023-08-17T06:09:36 GMT" skipped="0">
  <testcase classname="com.sampletestng.SecondTestNgScript" name="testHerokuapp" time="6.200"/>
  <system-out/>
</testsuite> <!-- com.sampletestng.SecondTestNgScript -->
